<?xml version="1.0" encoding="UTF-8"?>
<testng-results ignored="0" total="1" passed="1" failed="0" skipped="0">
  <reporter-output>
  </reporter-output>
  <suite started-at="2024-08-24T22:02:34 IST" name="Default suite" finished-at="2024-08-24T22:02:34 IST" duration-ms="77">
    <groups>
    </groups>
    <test started-at="2024-08-24T22:02:34 IST" name="Default test" finished-at="2024-08-24T22:02:34 IST" duration-ms="77">
      <class name="constructors.constructors1">
        <test-method signature="ex()[pri:0, instance:constructors.constructors1@a3d8174]" started-at="2024-08-24T22:02:34 IST" name="ex" finished-at="2024-08-24T22:02:34 IST" duration-ms="13" status="PASS">
          <reporter-output>
          </reporter-output>
        </test-method> <!-- ex -->
      </class> <!-- constructors.constructors1 -->
    </test> <!-- Default test -->
  </suite> <!-- Default suite -->
</testng-results>
